<?xml version="1.0" encoding="UTF-8"?>
<testng-results ignored="0" total="1" passed="1" failed="0" skipped="0">
  <reporter-output>
  </reporter-output>
  <suite started-at="2023-11-17T10:40:23 IST" name="Default suite" finished-at="2023-11-17T10:42:25 IST" duration-ms="122046">
    <groups>
    </groups>
    <test started-at="2023-11-17T10:40:23 IST" name="Default test" finished-at="2023-11-17T10:42:25 IST" duration-ms="122046">
      <class name="test.test1">
        <test-method is-config="true" signature="setup()[pri:0, instance:test.test1@2a7f1f10]" started-at="2023-11-17T10:40:23 IST" name="setup" finished-at="2023-11-17T10:40:57 IST" duration-ms="34502" status="PASS">
          <reporter-output>
          </reporter-output>
        </test-method> <!-- setup -->
        <test-method signature="tests()[pri:0, instance:test.test1@2a7f1f10]" started-at="2023-11-17T10:40:58 IST" name="tests" finished-at="2023-11-17T10:42:24 IST" duration-ms="86504" status="PASS">
          <reporter-output>
          </reporter-output>
        </test-method> <!-- tests -->
      </class> <!-- test.test1 -->
    </test> <!-- Default test -->
  </suite> <!-- Default suite -->
</testng-results>
